Flow report for ledpanel
Mon May 08 17:44:21 2017
Quartus II 32-bit Version 13.1.0 Build 162 10/23/2013 SJ Web Edition


---------------------
; Table of Contents ;
---------------------
  1. Legal Notice
  2. Flow Summary
  3. Flow Settings
  4. Flow Non-Default Global Settings
  5. Flow Elapsed Time
  6. Flow OS Summary
  7. Flow Log
  8. Flow Messages
  9. Flow Suppressed Messages



----------------
; Legal Notice ;
----------------
Copyright (C) 1991-2013 Altera Corporation
Your use of Altera Corporation's design tools, logic functions 
and other software and tools, and its AMPP partner logic 
functions, and any output files from any of the foregoing 
(including device programming or simulation files), and any 
associated documentation or information are expressly subject 
to the terms and conditions of the Altera Program License 
Subscription Agreement, Altera MegaCore Function License 
Agreement, or other applicable license agreement, including, 
without limitation, that your use is for the sole purpose of 
programming logic devices manufactured by Altera and sold by 
Altera or its authorized distributors.  Please refer to the 
applicable agreement for further details.



+---------------------------------------------------------------------------------+
; Flow Summary                                                                    ;
+------------------------------------+--------------------------------------------+
; Flow Status                        ; Successful - Mon May 08 17:44:21 2017      ;
; Quartus II 32-bit Version          ; 13.1.0 Build 162 10/23/2013 SJ Web Edition ;
; Revision Name                      ; ledpanel                                   ;
; Top-level Entity Name              ; main_led_panel                             ;
; Family                             ; Cyclone III                                ;
; Device                             ; EP3C10E144C8                               ;
; Timing Models                      ; Final                                      ;
; Total logic elements               ; 4,229 / 10,320 ( 41 % )                    ;
;     Total combinational functions  ; 2,492 / 10,320 ( 24 % )                    ;
;     Dedicated logic registers      ; 3,385 / 10,320 ( 33 % )                    ;
; Total registers                    ; 3385                                       ;
; Total pins                         ; 16 / 95 ( 17 % )                           ;
; Total virtual pins                 ; 0                                          ;
; Total memory bits                  ; 6,144 / 423,936 ( 1 % )                    ;
; Embedded Multiplier 9-bit elements ; 0 / 46 ( 0 % )                             ;
; Total PLLs                         ; 0 / 2 ( 0 % )                              ;
+------------------------------------+--------------------------------------------+


+-----------------------------------------+
; Flow Settings                           ;
+-------------------+---------------------+
; Option            ; Setting             ;
+-------------------+---------------------+
; Start date & time ; 05/08/2017 17:42:34 ;
; Main task         ; Compilation         ;
; Revision Name     ; ledpanel            ;
+-------------------+---------------------+


+-------------------------------------------------------------------------------------------------------------------------------+
; Flow Non-Default Global Settings                                                                                              ;
+-------------------------------------+---------------------------------------+---------------+----------------+----------------+
; Assignment Name                     ; Value                                 ; Default Value ; Entity Name    ; Section Id     ;
+-------------------------------------+---------------------------------------+---------------+----------------+----------------+
; COMPILER_SIGNATURE_ID               ; 9218726001145.149424015403552         ; --            ; --             ; --             ;
; EDA_OUTPUT_DATA_FORMAT              ; Vhdl                                  ; --            ; --             ; eda_simulation ;
; EDA_SIMULATION_TOOL                 ; ModelSim-Altera (VHDL)                ; <None>        ; --             ; --             ;
; MAX_CORE_JUNCTION_TEMP              ; 85                                    ; --            ; --             ; --             ;
; MIN_CORE_JUNCTION_TEMP              ; 0                                     ; --            ; --             ; --             ;
; NOMINAL_CORE_SUPPLY_VOLTAGE         ; 1.2V                                  ; --            ; --             ; --             ;
; PARTITION_COLOR                     ; 16764057                              ; --            ; main_led_panel ; Top            ;
; PARTITION_FITTER_PRESERVATION_LEVEL ; PLACEMENT_AND_ROUTING                 ; --            ; main_led_panel ; Top            ;
; PARTITION_NETLIST_TYPE              ; SOURCE                                ; --            ; main_led_panel ; Top            ;
; POWER_BOARD_THERMAL_MODEL           ; None (CONSERVATIVE)                   ; --            ; --             ; --             ;
; POWER_PRESET_COOLING_SOLUTION       ; 23 MM HEAT SINK WITH 200 LFPM AIRFLOW ; --            ; --             ; --             ;
; PROJECT_OUTPUT_DIRECTORY            ; output_files                          ; --            ; --             ; --             ;
; TOP_LEVEL_ENTITY                    ; main_led_panel                        ; ledpanel      ; --             ; --             ;
+-------------------------------------+---------------------------------------+---------------+----------------+----------------+


+-------------------------------------------------------------------------------------------------------------------------------+
; Flow Elapsed Time                                                                                                             ;
+---------------------------+--------------+-------------------------+---------------------+------------------------------------+
; Module Name               ; Elapsed Time ; Average Processors Used ; Peak Virtual Memory ; Total CPU Time (on all processors) ;
+---------------------------+--------------+-------------------------+---------------------+------------------------------------+
; Analysis & Synthesis      ; 00:00:17     ; 1.0                     ; 433 MB              ; 00:00:15                           ;
; Fitter                    ; 00:00:59     ; 1.0                     ; 618 MB              ; 00:00:58                           ;
; Assembler                 ; 00:00:03     ; 1.0                     ; 387 MB              ; 00:00:02                           ;
; TimeQuest Timing Analyzer ; 00:00:08     ; 1.0                     ; 425 MB              ; 00:00:07                           ;
; EDA Netlist Writer        ; 00:00:08     ; 1.0                     ; 359 MB              ; 00:00:08                           ;
; Total                     ; 00:01:35     ; --                      ; --                  ; 00:01:30                           ;
+---------------------------+--------------+-------------------------+---------------------+------------------------------------+


+----------------------------------------------------------------------------------------+
; Flow OS Summary                                                                        ;
+---------------------------+------------------+-----------+------------+----------------+
; Module Name               ; Machine Hostname ; OS Name   ; OS Version ; Processor type ;
+---------------------------+------------------+-----------+------------+----------------+
; Analysis & Synthesis      ; acer             ; Windows 7 ; 6.2        ; x86_64         ;
; Fitter                    ; acer             ; Windows 7 ; 6.2        ; x86_64         ;
; Assembler                 ; acer             ; Windows 7 ; 6.2        ; x86_64         ;
; TimeQuest Timing Analyzer ; acer             ; Windows 7 ; 6.2        ; x86_64         ;
; EDA Netlist Writer        ; acer             ; Windows 7 ; 6.2        ; x86_64         ;
+---------------------------+------------------+-----------+------------+----------------+


------------
; Flow Log ;
------------
quartus_map --read_settings_files=on --write_settings_files=off ledpanel -c ledpanel
quartus_fit --read_settings_files=off --write_settings_files=off ledpanel -c ledpanel
quartus_asm --read_settings_files=off --write_settings_files=off ledpanel -c ledpanel
quartus_sta ledpanel -c ledpanel
quartus_eda --read_settings_files=off --write_settings_files=off ledpanel -c ledpanel



